生成启动时间为 2018/8/26 星期日 上午 12:32:26。
     1>项目“D:\21GitHub\02Program\01c\01CTraps&Pitfalls\prj\chapter1\chapter1.vcxproj”在节点 2 上(rebuild 个目标)。
     1>_PrepareForClean:
         正在删除文件“Debug\chapter1.lastbuildstate”。
       InitializeBuildStatus:
         正在创建“Debug\chapter1.unsuccessfulbuild”，因为已指定“AlwaysCreate”。
       ClCompile:
         C:\Program Files (x86)\Microsoft Visual Studio 10.0\VC\bin\CL.exe /c /I./../../inc /ZI /nologo /W3 /WX- /Od /Oy- /D WIN32 /D _DEBUG /D _CONSOLE /D _UNICODE /D UNICODE /Gm /EHsc /RTC1 /MDd /GS /fp:precise /Zc:wchar_t /Zc:forScope /Fo"Debug\\" /Fd"Debug\vc100.pdb" /Gd /TC /analyze- /errorReport:prompt ..\..\src\charpter1.c ..\..\src\main.c
         main.c
         charpter1.c
         正在生成代码...
       Link:
         C:\Program Files (x86)\Microsoft Visual Studio 10.0\VC\bin\link.exe /ERRORREPORT:PROMPT /OUT:"D:\21GitHub\02Program\01c\01CTraps&Pitfalls\prj\chapter1\Debug\chapter1.exe" /INCREMENTAL /NOLOGO kernel32.lib user32.lib gdi32.lib winspool.lib comdlg32.lib advapi32.lib shell32.lib ole32.lib oleaut32.lib uuid.lib odbc32.lib odbccp32.lib /MANIFEST:NO /DEBUG /PDB:"D:\21GitHub\02Program\01c\01CTraps&Pitfalls\prj\chapter1\Debug\chapter1.pdb" /SUBSYSTEM:CONSOLE /TLBID:1 /DYNAMICBASE /NXCOMPAT /IMPLIB:"D:\21GitHub\02Program\01c\01CTraps&Pitfalls\prj\chapter1\Debug\chapter1.lib" /MACHINE:X86 Debug\charpter1.obj
         Debug\main.obj
         chapter1.vcxproj -> D:\21GitHub\02Program\01c\01CTraps&Pitfalls\prj\chapter1\Debug\chapter1.exe
       FinalizeBuildStatus:
         正在删除文件“Debug\chapter1.unsuccessfulbuild”。
         正在对“Debug\chapter1.lastbuildstate”执行 Touch 任务。
     1>已完成生成项目“D:\21GitHub\02Program\01c\01CTraps&Pitfalls\prj\chapter1\chapter1.vcxproj”(rebuild 个目标)的操作。

生成成功。

已用时间 00:00:00.90
